<?xml version="1.0" encoding="UTF-8"?>
<testsuite xmlns:xsi="http://www.w3.org/2001/XMLSchema-instance" xsi:noNamespaceSchemaLocation="https://maven.apache.org/surefire/maven-surefire-plugin/xsd/surefire-test-report.xsd" name="com.notion.service.review.domain.service.imp.ReviewServiceImplTest" time="2.768" tests="3" errors="0" skipped="0" failures="0">
  <properties>
[...]
</properties>
  <testcase name="saveReviewSuccessfully" classname="com.notion.service.review.domain.service.imp.ReviewServiceImplTest" time="0.015"/>
  <testcase name="findAllShouldReturnTwoReviewSuccessfully" classname="com.notion.service.review.domain.service.imp.ReviewServiceImplTest" time="0.002"/>
  <testcase name="findReviewByProductIdShouldReturnOneReviewSuccessfully" classname="com.notion.service.review.domain.service.imp.ReviewServiceImplTest" time="0.002"/>
</testsuite>